{
  "stats": {
    "suites": 1,
    "tests": 3,
    "passes": 3,
    "pending": 0,
    "failures": 0,
    "start": "2025-06-06T21:52:12.248Z",
    "end": "2025-06-06T21:52:28.865Z",
    "duration": 16617,
    "testsRegistered": 3,
    "passPercent": 100,
    "pendingPercent": 0,
    "other": 0,
    "hasOther": false,
    "skipped": 0,
    "hasSkipped": false
  },
  "results": [
    {
      "uuid": "b5df6ff5-88d7-443a-a81b-477460b9e990",
      "title": "",
      "fullFile": "cypress\\e2e\\orcamento-personalizado.cy.js",
      "file": "cypress\\e2e\\orcamento-personalizado.cy.js",
      "beforeHooks": [],
      "afterHooks": [],
      "tests": [],
      "suites": [
        {
          "uuid": "d7e2e29e-c016-4f20-aa96-1f649389f71e",
          "title": "Testes de Orçamento Personalizado - Elo Drinks",
          "fullFile": "",
          "file": "",
          "beforeHooks": [],
          "afterHooks": [],
          "tests": [
            {
              "title": "Deve acessar página de orçamento personalizado",
              "fullTitle": "Testes de Orçamento Personalizado - Elo Drinks Deve acessar página de orçamento personalizado",
              "timedOut": null,
              "duration": 2562,
              "state": "passed",
              "speed": "fast",
              "pass": true,
              "fail": false,
              "pending": false,
              "context": null,
              "code": "cy.get(\"a, button\").contains(/orçamento/i).first().click();\ncy.get(\"a, button\").contains(/personalizar/i).first().click();\ncy.url().should(\"include\", \"personalizar\");\ncy.get(\"p, button\").contains(/casamento/i).first().click();",
              "err": {},
              "uuid": "ba56ddfc-51b2-4fa6-bc18-74fa3459ce49",
              "parentUUID": "d7e2e29e-c016-4f20-aa96-1f649389f71e",
              "isHook": false,
              "skipped": false
            },
            {
              "title": "Não permitir avançar os steps com campos em branco",
              "fullTitle": "Testes de Orçamento Personalizado - Elo Drinks Não permitir avançar os steps com campos em branco",
              "timedOut": null,
              "duration": 2681,
              "state": "passed",
              "speed": "fast",
              "pass": true,
              "fail": false,
              "pending": false,
              "context": null,
              "code": "cy.get(\"a, button\").contains(/orçamento/i).first().click();\ncy.get(\"p, button\").contains(/Personalizar/).first().click();\ncy.get(\"p, button\").contains(/Casamento/).first().click();\ncy.contains('span', '→').closest('button').should('be.disabled');",
              "err": {},
              "uuid": "5b424379-5b2f-46b8-9fd3-1e1a3ddc88b2",
              "parentUUID": "d7e2e29e-c016-4f20-aa96-1f649389f71e",
              "isHook": false,
              "skipped": false
            },
            {
              "title": "Cadastra Casamento Natacha e Otavio",
              "fullTitle": "Testes de Orçamento Personalizado - Elo Drinks Cadastra Casamento Natacha e Otavio",
              "timedOut": null,
              "duration": 10040,
              "state": "passed",
              "speed": "slow",
              "pass": true,
              "fail": false,
              "pending": false,
              "context": null,
              "code": "cy.get(\"a, button\").contains(/orçamento/i).first().click();\ncy.get(\"p, button\").contains(/Personalizar/).first().click();\ncy.get(\"p, button\").contains(/Casamento/).first().click();\ncy.contains('label', 'Nome do Evento').next('input').type('Casamento Natacha e Otavio');\ncy.contains('label', 'Data do Evento').next('input').click().type('2025-07-12');\ncy.contains('label', 'Hora de Início').next('input').click().type('18:15');\ncy.contains('label', 'Número de Convidados').next('input').type('250');\ncy.contains('label', 'Duração do Evento').next('input').click().type('10:00');\ncy.contains('span', '→').closest('button').should('be.enabled').click();\ncy.get('.grid > :nth-child(1)').click();\ncy.get('.grid > :nth-child(4)').click();\ncy.contains('span', '→').closest('button').should('be.enabled').click();\ncy.wait(500);\ncy.get('.grid > :nth-child(1)').click();\ncy.contains('span', '→').closest('button').should('be.enabled').click();\ncy.wait(500);\ncy.get('.grid > :nth-child(1)').find('button').eq(1).click().click().click();\ncy.contains('span', '→').closest('button').should('be.enabled').click();\ncy.wait(500);\ncy.contains('span', '→').closest('button').should('be.enabled').click();\ncy.wait(500);\ncy.get('.grid > .flex').click();\ncy.contains('span', '→').closest('button').should('be.enabled').click();\ncy.wait(500);\ncy.get('.grid > :nth-child(1) > .p-4').find('button').eq(1).click();\ncy.get('span:contains(\"Quantidade:\")').eq(1).next().find('button').eq(1).click().click().click().click().click();\ncy.get('.px-6').click();\ncy.wait(500);\ncy.contains('button', 'Enviar Pedido').should('be.enabled').click();",
              "err": {},
              "uuid": "5b9af0d5-3622-4588-9709-89266adb12a5",
              "parentUUID": "d7e2e29e-c016-4f20-aa96-1f649389f71e",
              "isHook": false,
              "skipped": false
            }
          ],
          "suites": [],
          "passes": [
            "ba56ddfc-51b2-4fa6-bc18-74fa3459ce49",
            "5b424379-5b2f-46b8-9fd3-1e1a3ddc88b2",
            "5b9af0d5-3622-4588-9709-89266adb12a5"
          ],
          "failures": [],
          "pending": [],
          "skipped": [],
          "duration": 15283,
          "root": false,
          "rootEmpty": false,
          "_timeout": 2000
        }
      ],
      "passes": [],
      "failures": [],
      "pending": [],
      "skipped": [],
      "duration": 0,
      "root": true,
      "rootEmpty": true,
      "_timeout": 2000
    }
  ],
  "meta": {
    "mocha": {
      "version": "7.2.0"
    },
    "mochawesome": {
      "options": {
        "quiet": false,
        "reportFilename": "mochawesome",
        "saveHtml": false,
        "saveJson": true,
        "consoleReporter": "spec",
        "useInlineDiffs": false,
        "code": true
      },
      "version": "7.1.3"
    },
    "marge": {
      "options": {
        "reportDir": "cypress/reports/mochawesome",
        "overwrite": false,
        "html": false,
        "json": true
      },
      "version": "6.2.0"
    }
  }
}