{
  "stats": {
    "suites": 1,
    "tests": 3,
    "passes": 3,
    "pending": 0,
    "failures": 0,
    "start": "2025-06-06T21:48:08.973Z",
    "end": "2025-06-06T21:48:28.316Z",
    "duration": 19343,
    "testsRegistered": 3,
    "passPercent": 100,
    "pendingPercent": 0,
    "other": 0,
    "hasOther": false,
    "skipped": 0,
    "hasSkipped": false
  },
  "results": [
    {
      "uuid": "2244d5ce-c551-4876-97b4-11faf340fa62",
      "title": "",
      "fullFile": "cypress\\e2e\\orcamento-personalizado.cy.js",
      "file": "cypress\\e2e\\orcamento-personalizado.cy.js",
      "beforeHooks": [],
      "afterHooks": [],
      "tests": [],
      "suites": [
        {
          "uuid": "eb39bc5b-42ea-49ae-be14-d537797eebe5",
          "title": "Testes de Orçamento Personalizado - Elo Drinks",
          "fullFile": "",
          "file": "",
          "beforeHooks": [],
          "afterHooks": [],
          "tests": [
            {
              "title": "Deve acessar página de orçamento personalizado",
              "fullTitle": "Testes de Orçamento Personalizado - Elo Drinks Deve acessar página de orçamento personalizado",
              "timedOut": null,
              "duration": 2531,
              "state": "passed",
              "speed": "fast",
              "pass": true,
              "fail": false,
              "pending": false,
              "context": null,
              "code": "cy.get(\"a, button\").contains(/orçamento/i).first().click();\ncy.get(\"a, button\").contains(/personalizar/i).first().click();\ncy.url().should(\"include\", \"personalizar\");\ncy.get(\"p, button\").contains(/casamento/i).first().click();",
              "err": {},
              "uuid": "b5ac7255-32e2-43f9-9daf-ada6435c4dca",
              "parentUUID": "eb39bc5b-42ea-49ae-be14-d537797eebe5",
              "isHook": false,
              "skipped": false
            },
            {
              "title": "Não permitir avançar os steps com campos em branco",
              "fullTitle": "Testes de Orçamento Personalizado - Elo Drinks Não permitir avançar os steps com campos em branco",
              "timedOut": null,
              "duration": 5448,
              "state": "passed",
              "speed": "medium",
              "pass": true,
              "fail": false,
              "pending": false,
              "context": null,
              "code": "cy.get(\"a, button\").contains(/orçamento/i).first().click();\ncy.get(\"p, button\").contains(/Personalizar/).first().click();\ncy.get(\"p, button\").contains(/Casamento/).first().click();\ncy.contains('span', '→').closest('button').should('be.disabled');",
              "err": {},
              "uuid": "a06fa9c2-3ff4-4e18-bd50-29437496db2b",
              "parentUUID": "eb39bc5b-42ea-49ae-be14-d537797eebe5",
              "isHook": false,
              "skipped": false
            },
            {
              "title": "Cadastra Casamento Natacha e Otavio",
              "fullTitle": "Testes de Orçamento Personalizado - Elo Drinks Cadastra Casamento Natacha e Otavio",
              "timedOut": null,
              "duration": 10077,
              "state": "passed",
              "speed": "slow",
              "pass": true,
              "fail": false,
              "pending": false,
              "context": null,
              "code": "cy.get(\"a, button\").contains(/orçamento/i).first().click();\ncy.get(\"p, button\").contains(/Personalizar/).first().click();\ncy.get(\"p, button\").contains(/Casamento/).first().click();\ncy.contains('label', 'Nome do Evento').next('input').type('Casamento Natacha e Otavio');\ncy.contains('label', 'Data do Evento').next('input').click().type('2025-07-12');\ncy.contains('label', 'Hora de Início').next('input').click().type('18:15');\ncy.contains('label', 'Número de Convidados').next('input').type('250');\ncy.contains('label', 'Duração do Evento').next('input').click().type('10:00');\ncy.contains('span', '→').closest('button').should('be.enabled').click();\ncy.get('.grid > :nth-child(1)').click();\ncy.get('.grid > :nth-child(4)').click();\ncy.contains('span', '→').closest('button').should('be.enabled').click();\ncy.wait(500);\ncy.get('.grid > :nth-child(1)').click();\ncy.contains('span', '→').closest('button').should('be.enabled').click();\ncy.wait(500);\ncy.get('.grid > :nth-child(1)').find('button').eq(1).click().click().click();\ncy.contains('span', '→').closest('button').should('be.enabled').click();\ncy.wait(500);\ncy.contains('span', '→').closest('button').should('be.enabled').click();\ncy.wait(500);\ncy.get('.grid > .flex').click();\ncy.contains('span', '→').closest('button').should('be.enabled').click();\ncy.wait(500);\ncy.get('.grid > :nth-child(1) > .p-4').find('button').eq(1).click();\ncy.get('span:contains(\"Quantidade:\")').eq(1).next().find('button').eq(1).click().click().click().click().click();\ncy.get('.px-6').click();\ncy.wait(500);\ncy.contains('button', 'Enviar Pedido').should('be.enabled').click();",
              "err": {},
              "uuid": "7e6670ba-7f17-49b5-9851-fbde5826b6cf",
              "parentUUID": "eb39bc5b-42ea-49ae-be14-d537797eebe5",
              "isHook": false,
              "skipped": false
            }
          ],
          "suites": [],
          "passes": [
            "b5ac7255-32e2-43f9-9daf-ada6435c4dca",
            "a06fa9c2-3ff4-4e18-bd50-29437496db2b",
            "7e6670ba-7f17-49b5-9851-fbde5826b6cf"
          ],
          "failures": [],
          "pending": [],
          "skipped": [],
          "duration": 18056,
          "root": false,
          "rootEmpty": false,
          "_timeout": 2000
        }
      ],
      "passes": [],
      "failures": [],
      "pending": [],
      "skipped": [],
      "duration": 0,
      "root": true,
      "rootEmpty": true,
      "_timeout": 2000
    }
  ],
  "meta": {
    "mocha": {
      "version": "7.2.0"
    },
    "mochawesome": {
      "options": {
        "quiet": false,
        "reportFilename": "mochawesome",
        "saveHtml": false,
        "saveJson": true,
        "consoleReporter": "spec",
        "useInlineDiffs": false,
        "code": true
      },
      "version": "7.1.3"
    },
    "marge": {
      "options": {
        "reportDir": "cypress/reports/mochawesome",
        "overwrite": false,
        "html": false,
        "json": true
      },
      "version": "6.2.0"
    }
  }
}