{
  "stats": {
    "suites": 1,
    "tests": 1,
    "passes": 1,
    "pending": 0,
    "failures": 0,
    "start": "2025-06-06T21:52:30.633Z",
    "end": "2025-06-06T21:52:39.427Z",
    "duration": 8794,
    "testsRegistered": 1,
    "passPercent": 100,
    "pendingPercent": 0,
    "other": 0,
    "hasOther": false,
    "skipped": 0,
    "hasSkipped": false
  },
  "results": [
    {
      "uuid": "f688ee64-589e-4655-a7ab-0d18b08e645b",
      "title": "",
      "fullFile": "cypress\\e2e\\pedidosAdmin.cy.js",
      "file": "cypress\\e2e\\pedidosAdmin.cy.js",
      "beforeHooks": [],
      "afterHooks": [],
      "tests": [],
      "suites": [
        {
          "uuid": "3bc189f3-11f4-489f-bda4-caf81d5f8250",
          "title": "Admin - Lista de Pedidos (Elo Drinks)",
          "fullFile": "",
          "file": "",
          "beforeHooks": [],
          "afterHooks": [],
          "tests": [
            {
              "title": "Deve abrir o sidebar, acessar /pedidos e encontrar Casamento Natacha e Otavio",
              "fullTitle": "Admin - Lista de Pedidos (Elo Drinks) Deve abrir o sidebar, acessar /pedidos e encontrar Casamento Natacha e Otavio",
              "timedOut": null,
              "duration": 7462,
              "state": "passed",
              "speed": "medium",
              "pass": true,
              "fail": false,
              "pending": false,
              "context": null,
              "code": "cy.get('button[class*=\"lg:hidden\"]').filter(\":visible\").first().click();\ncy.get(':nth-child(3) > .flex').first().click();\ncy.location(\"pathname\").should(\"eq\", \"/pedidos\");\ncy.wait(2000);\ncy.get(\"tbody\").contains(/Casamento\\s+Natacha\\s+e\\s+Otavio/i).scrollIntoView().should(\"be.visible\");",
              "err": {},
              "uuid": "49edc090-0570-4821-93b9-45ceb3a9333f",
              "parentUUID": "3bc189f3-11f4-489f-bda4-caf81d5f8250",
              "isHook": false,
              "skipped": false
            }
          ],
          "suites": [],
          "passes": [
            "49edc090-0570-4821-93b9-45ceb3a9333f"
          ],
          "failures": [],
          "pending": [],
          "skipped": [],
          "duration": 7462,
          "root": false,
          "rootEmpty": false,
          "_timeout": 2000
        }
      ],
      "passes": [],
      "failures": [],
      "pending": [],
      "skipped": [],
      "duration": 0,
      "root": true,
      "rootEmpty": true,
      "_timeout": 2000
    }
  ],
  "meta": {
    "mocha": {
      "version": "7.2.0"
    },
    "mochawesome": {
      "options": {
        "quiet": false,
        "reportFilename": "mochawesome",
        "saveHtml": false,
        "saveJson": true,
        "consoleReporter": "spec",
        "useInlineDiffs": false,
        "code": true
      },
      "version": "7.1.3"
    },
    "marge": {
      "options": {
        "reportDir": "cypress/reports/mochawesome",
        "overwrite": false,
        "html": false,
        "json": true
      },
      "version": "6.2.0"
    }
  }
}