{
  "stats": {
    "suites": 1,
    "tests": 4,
    "passes": 4,
    "pending": 0,
    "failures": 0,
    "start": "2025-06-06T21:47:44.895Z",
    "end": "2025-06-06T21:47:58.004Z",
    "duration": 13109,
    "testsRegistered": 4,
    "passPercent": 100,
    "pendingPercent": 0,
    "other": 0,
    "hasOther": false,
    "skipped": 0,
    "hasSkipped": false
  },
  "results": [
    {
      "uuid": "72eabf67-65ec-41b9-9b76-0144ffaad968",
      "title": "",
      "fullFile": "cypress\\e2e\\cadastro.cy.js",
      "file": "cypress\\e2e\\cadastro.cy.js",
      "beforeHooks": [],
      "afterHooks": [],
      "tests": [],
      "suites": [
        {
          "uuid": "732f1fc1-111c-45d9-b4fd-d58112b6cc8e",
          "title": "Testes de Cadastro - Elo Drinks",
          "fullFile": "",
          "file": "",
          "beforeHooks": [],
          "afterHooks": [],
          "tests": [
            {
              "title": "Deve acessar a página de cadastro",
              "fullTitle": "Testes de Cadastro - Elo Drinks Deve acessar a página de cadastro",
              "timedOut": null,
              "duration": 1960,
              "state": "passed",
              "speed": "fast",
              "pass": true,
              "fail": false,
              "pending": false,
              "context": null,
              "code": "cy.get(\"body\").then($body => {\n  if ($body.find(\"a, button\").filter(':contains(\"Cadastro\"), :contains(\"Registrar\")').length > 0) {\n    cy.get(\"a, button\").contains(/cadastro|registro/i).first().click();\n  } else {\n    cy.visit(\"https://elodrinks.confianopai.com/cadastro\");\n  }\n});\ncy.url().should(\"match\", /cadastro|register|signup/);\ncy.get('input[name*=\"nomeCompleto\"]').should(\"be.visible\");\ncy.get('input[type=\"email\"]').should(\"be.visible\");\ncy.get('input[id^=\"celular\"]').should(\"be.visible\");",
              "err": {},
              "uuid": "522f824c-f266-4d3d-98a0-67afdbe3342f",
              "parentUUID": "732f1fc1-111c-45d9-b4fd-d58112b6cc8e",
              "isHook": false,
              "skipped": false
            },
            {
              "title": "Deve validar campos obrigatórios",
              "fullTitle": "Testes de Cadastro - Elo Drinks Deve validar campos obrigatórios",
              "timedOut": null,
              "duration": 317,
              "state": "passed",
              "speed": "fast",
              "pass": true,
              "fail": false,
              "pending": false,
              "context": null,
              "code": "cy.visit(\"https://elodrinks.confianopai.com/cadastro\");\n// Tentar submeter formulário vazio\ncy.get('button[type=\"submit\"]').contains(/Cadastre-se|registrar|criar|enviar/i).then($buttons => {\n  const visibleButton = $buttons.filter(\":visible\").first();\n  if (visibleButton.length > 0) {\n    cy.wrap(visibleButton).click();\n  } else {\n    cy.wrap($buttons.first()).click({\n      force: true\n    });\n  }\n});\n// Verificar mensagens de validação\ncy.get(\"input[required]\").each($input => {\n  cy.wrap($input).then(el => {\n    expect(el[0].checkValidity()).to.be.false;\n  });\n});",
              "err": {},
              "uuid": "7c3668d7-d0d0-423a-8243-cbc13f8a8573",
              "parentUUID": "732f1fc1-111c-45d9-b4fd-d58112b6cc8e",
              "isHook": false,
              "skipped": false
            },
            {
              "title": "Deve validar formato de email",
              "fullTitle": "Testes de Cadastro - Elo Drinks Deve validar formato de email",
              "timedOut": null,
              "duration": 1461,
              "state": "passed",
              "speed": "fast",
              "pass": true,
              "fail": false,
              "pending": false,
              "context": null,
              "code": "cy.visit(\"https://elodrinks.confianopai.com/cadastro\");\ncy.get('input[id^=\"nomeCompleto\"]').first().type(\"nome usuario\", {\n  force: true\n});\ncy.get('input[id^=\"email\"]:visible').should(\"be.visible\").type(\"email-invalido\");\ncy.get('input[id^=\"celular\"]:visible').should(\"be.visible\").type(\"35 99999-99999\");\ncy.get('input[id^=\"senha\"]:visible').should(\"be.visible\").type(\"senha123\");\ncy.get('button[type=\"submit\"]').contains(/Cadastre-se/i).then($buttons => {\n  const visibleButton = $buttons.filter(\":visible\").first();\n  if (visibleButton.length > 0) {\n    cy.wrap(visibleButton).click();\n  } else {\n    cy.wrap($buttons.first()).click({\n      force: true\n    });\n  }\n});\ncy.url().should(\"include\", \"/cadastro\");",
              "err": {},
              "uuid": "53093cda-7129-4329-a0b4-fdb64091a07c",
              "parentUUID": "732f1fc1-111c-45d9-b4fd-d58112b6cc8e",
              "isHook": false,
              "skipped": false
            },
            {
              "title": "Deve realizar cadastro com dados válidos",
              "fullTitle": "Testes de Cadastro - Elo Drinks Deve realizar cadastro com dados válidos",
              "timedOut": null,
              "duration": 1620,
              "state": "passed",
              "speed": "fast",
              "pass": true,
              "fail": false,
              "pending": false,
              "context": null,
              "code": "cy.visit(\"https://elodrinks.confianopai.com/cadastro\");\ncy.get('input[id^=\"nomeCompleto\"]').first().type(\"nome usuario\", {\n  force: true\n});\ncy.get('input[id^=\"email\"]:visible').should(\"be.visible\").type(gerarTimestamp() + \"email@email\");\ncy.get('input[id^=\"celular\"]:visible').should(\"be.visible\").type(\"35 99999-99999\");\ncy.get('input[id^=\"senha\"]:visible').should(\"be.visible\").type(\"senha123\");\ncy.get('button[type=\"submit\"], button').contains(/Cadastre-se/i).then($buttons => {\n  const visibleButton = $buttons.filter(\":visible\").first();\n  if (visibleButton.length > 0) {\n    cy.wrap(visibleButton).click();\n  } else {\n    cy.wrap($buttons.first()).click({\n      force: true\n    });\n  }\n});\ncy.url({\n  timeout: 10000\n}).should(\"not.include\", /cadastro/);",
              "err": {},
              "uuid": "f87d525e-5ebd-4e2a-a45e-1cfca6305026",
              "parentUUID": "732f1fc1-111c-45d9-b4fd-d58112b6cc8e",
              "isHook": false,
              "skipped": false
            }
          ],
          "suites": [],
          "passes": [
            "522f824c-f266-4d3d-98a0-67afdbe3342f",
            "7c3668d7-d0d0-423a-8243-cbc13f8a8573",
            "53093cda-7129-4329-a0b4-fdb64091a07c",
            "f87d525e-5ebd-4e2a-a45e-1cfca6305026"
          ],
          "failures": [],
          "pending": [],
          "skipped": [],
          "duration": 5358,
          "root": false,
          "rootEmpty": false,
          "_timeout": 2000
        }
      ],
      "passes": [],
      "failures": [],
      "pending": [],
      "skipped": [],
      "duration": 0,
      "root": true,
      "rootEmpty": true,
      "_timeout": 2000
    }
  ],
  "meta": {
    "mocha": {
      "version": "7.2.0"
    },
    "mochawesome": {
      "options": {
        "quiet": false,
        "reportFilename": "mochawesome",
        "saveHtml": false,
        "saveJson": true,
        "consoleReporter": "spec",
        "useInlineDiffs": false,
        "code": true
      },
      "version": "7.1.3"
    },
    "marge": {
      "options": {
        "reportDir": "cypress/reports/mochawesome",
        "overwrite": false,
        "html": false,
        "json": true
      },
      "version": "6.2.0"
    }
  }
}