{
  "stats": {
    "suites": 1,
    "tests": 2,
    "passes": 2,
    "pending": 0,
    "failures": 0,
    "start": "2025-06-06T21:52:07.487Z",
    "end": "2025-06-06T21:52:10.793Z",
    "duration": 3306,
    "testsRegistered": 2,
    "passPercent": 100,
    "pendingPercent": 0,
    "other": 0,
    "hasOther": false,
    "skipped": 0,
    "hasSkipped": false
  },
  "results": [
    {
      "uuid": "37a7e2df-3f67-48e0-b129-a7c79ac23b3a",
      "title": "",
      "fullFile": "cypress\\e2e\\loginAdm.cy.js",
      "file": "cypress\\e2e\\loginAdm.cy.js",
      "beforeHooks": [],
      "afterHooks": [],
      "tests": [],
      "suites": [
        {
          "uuid": "49f97c84-92f3-4b74-b0cc-93472a9d1b18",
          "title": "Testes de Login Administrador - Elo Drinks",
          "fullFile": "",
          "file": "",
          "beforeHooks": [],
          "afterHooks": [],
          "tests": [
            {
              "title": "Deve acessar a página de login",
              "fullTitle": "Testes de Login Administrador - Elo Drinks Deve acessar a página de login",
              "timedOut": null,
              "duration": 621,
              "state": "passed",
              "speed": "fast",
              "pass": true,
              "fail": false,
              "pending": false,
              "context": null,
              "code": "// Procurar por botões/links de login na página principal\ncy.get(\"body\").then($body => {\n  if ($body.find('[data-cy=\"login\"], a[href*=\"login\"], button').length > 0) {\n    cy.get('[id^=\"login\"], a[href*=\"login\"], button').contains(/login|entrar/i).first().click();\n  } else {\n    // Se não encontrar, navegar diretamente\n    cy.visit(\"https://elodrinks.confianopai.com/login\");\n  }\n});\ncy.url().should(\"include\", \"login\");\ncy.get('input[id^=\"email\"]').should(\"be.visible\");\ncy.get('input[type=\"password\"]').should(\"be.visible\");",
              "err": {},
              "uuid": "8016a1a0-c033-4e92-99fb-9cc89d543f42",
              "parentUUID": "49f97c84-92f3-4b74-b0cc-93472a9d1b18",
              "isHook": false,
              "skipped": false
            },
            {
              "title": "Deve realizar login com credenciais válidas e ir para o dashboard",
              "fullTitle": "Testes de Login Administrador - Elo Drinks Deve realizar login com credenciais válidas e ir para o dashboard",
              "timedOut": null,
              "duration": 1323,
              "state": "passed",
              "speed": "fast",
              "pass": true,
              "fail": false,
              "pending": false,
              "context": null,
              "code": "cy.get(\"a, button\").contains(/login/i).first().click();\ncy.get('input[id^=\"email\"]:visible').should(\"be.visible\").type(\"gabriel@gabriel\");\ncy.get('input[id^=\"senha\"]:visible').should(\"be.visible\").type(\"1234\");\ncy.contains('button:visible', /Entrar/i).click({\n  force: true\n});\ncy.location(\"pathname\", {\n  timeout: 15000\n}).should(\"eq\", \"/dashboard\");",
              "err": {},
              "uuid": "76e9aca7-a274-45e9-bfa5-916539385525",
              "parentUUID": "49f97c84-92f3-4b74-b0cc-93472a9d1b18",
              "isHook": false,
              "skipped": false
            }
          ],
          "suites": [],
          "passes": [
            "8016a1a0-c033-4e92-99fb-9cc89d543f42",
            "76e9aca7-a274-45e9-bfa5-916539385525"
          ],
          "failures": [],
          "pending": [],
          "skipped": [],
          "duration": 1944,
          "root": false,
          "rootEmpty": false,
          "_timeout": 2000
        }
      ],
      "passes": [],
      "failures": [],
      "pending": [],
      "skipped": [],
      "duration": 0,
      "root": true,
      "rootEmpty": true,
      "_timeout": 2000
    }
  ],
  "meta": {
    "mocha": {
      "version": "7.2.0"
    },
    "mochawesome": {
      "options": {
        "quiet": false,
        "reportFilename": "mochawesome",
        "saveHtml": false,
        "saveJson": true,
        "consoleReporter": "spec",
        "useInlineDiffs": false,
        "code": true
      },
      "version": "7.1.3"
    },
    "marge": {
      "options": {
        "reportDir": "cypress/reports/mochawesome",
        "overwrite": false,
        "html": false,
        "json": true
      },
      "version": "6.2.0"
    }
  }
}