{
  "stats": {
    "suites": 1,
    "tests": 2,
    "passes": 2,
    "pending": 0,
    "failures": 0,
    "start": "2025-06-06T21:48:04.458Z",
    "end": "2025-06-06T21:48:07.641Z",
    "duration": 3183,
    "testsRegistered": 2,
    "passPercent": 100,
    "pendingPercent": 0,
    "other": 0,
    "hasOther": false,
    "skipped": 0,
    "hasSkipped": false
  },
  "results": [
    {
      "uuid": "a059b061-cec6-425a-8128-432273500558",
      "title": "",
      "fullFile": "cypress\\e2e\\loginAdm.cy.js",
      "file": "cypress\\e2e\\loginAdm.cy.js",
      "beforeHooks": [],
      "afterHooks": [],
      "tests": [],
      "suites": [
        {
          "uuid": "2d2bd552-ed74-431e-8c61-c73b1fbd1bcf",
          "title": "Testes de Login - Elo Drinks",
          "fullFile": "",
          "file": "",
          "beforeHooks": [],
          "afterHooks": [],
          "tests": [
            {
              "title": "Deve acessar a página de login",
              "fullTitle": "Testes de Login - Elo Drinks Deve acessar a página de login",
              "timedOut": null,
              "duration": 613,
              "state": "passed",
              "speed": "fast",
              "pass": true,
              "fail": false,
              "pending": false,
              "context": null,
              "code": "// Procurar por botões/links de login na página principal\ncy.get(\"body\").then($body => {\n  if ($body.find('[data-cy=\"login\"], a[href*=\"login\"], button').length > 0) {\n    cy.get('[id^=\"login\"], a[href*=\"login\"], button').contains(/login|entrar/i).first().click();\n  } else {\n    // Se não encontrar, navegar diretamente\n    cy.visit(\"https://elodrinks.confianopai.com/login\");\n  }\n});\ncy.url().should(\"include\", \"login\");\ncy.get('input[id^=\"email\"]').should(\"be.visible\");\ncy.get('input[type=\"password\"]').should(\"be.visible\");",
              "err": {},
              "uuid": "20ae6c2f-bdf1-4564-ad83-14f03f64b69f",
              "parentUUID": "2d2bd552-ed74-431e-8c61-c73b1fbd1bcf",
              "isHook": false,
              "skipped": false
            },
            {
              "title": "Deve realizar login com credenciais válidas e ir para o dashboard",
              "fullTitle": "Testes de Login - Elo Drinks Deve realizar login com credenciais válidas e ir para o dashboard",
              "timedOut": null,
              "duration": 1276,
              "state": "passed",
              "speed": "fast",
              "pass": true,
              "fail": false,
              "pending": false,
              "context": null,
              "code": "cy.get(\"a, button\").contains(/login/i).first().click();\ncy.get('input[id^=\"email\"]:visible').should(\"be.visible\").type(\"gabriel@gabriel\");\ncy.get('input[id^=\"senha\"]:visible').should(\"be.visible\").type(\"1234\");\ncy.contains('button:visible', /Entrar/i).click({\n  force: true\n});\ncy.location(\"pathname\", {\n  timeout: 15000\n}).should(\"eq\", \"/dashboard\");",
              "err": {},
              "uuid": "c40de629-eedd-4254-95d8-85ed4439a024",
              "parentUUID": "2d2bd552-ed74-431e-8c61-c73b1fbd1bcf",
              "isHook": false,
              "skipped": false
            }
          ],
          "suites": [],
          "passes": [
            "20ae6c2f-bdf1-4564-ad83-14f03f64b69f",
            "c40de629-eedd-4254-95d8-85ed4439a024"
          ],
          "failures": [],
          "pending": [],
          "skipped": [],
          "duration": 1889,
          "root": false,
          "rootEmpty": false,
          "_timeout": 2000
        }
      ],
      "passes": [],
      "failures": [],
      "pending": [],
      "skipped": [],
      "duration": 0,
      "root": true,
      "rootEmpty": true,
      "_timeout": 2000
    }
  ],
  "meta": {
    "mocha": {
      "version": "7.2.0"
    },
    "mochawesome": {
      "options": {
        "quiet": false,
        "reportFilename": "mochawesome",
        "saveHtml": false,
        "saveJson": true,
        "consoleReporter": "spec",
        "useInlineDiffs": false,
        "code": true
      },
      "version": "7.1.3"
    },
    "marge": {
      "options": {
        "reportDir": "cypress/reports/mochawesome",
        "overwrite": false,
        "html": false,
        "json": true
      },
      "version": "6.2.0"
    }
  }
}